<?xml version="1.0" encoding="UTF-8"?>
<!-- Generated by org.testng.reporters.JUnitReportReporter -->
<testsuite ignored="0" hostname="DESKTOP-H8I6M93" failures="0" tests="1" name="RestAssured.RestAssured.Third" time="3.203" errors="0" timestamp="19 Aug 2018 04:18:34 GMT" skipped="0">
  <testcase classname="RestAssured.RestAssured.Third" name="test3" time="3.203"/>
</testsuite> <!-- RestAssured.RestAssured.Third -->
