<?xml version="1.0" encoding="UTF-8"?>
<!-- Generated by org.testng.reporters.JUnitReportReporter -->
<testsuite ignored="0" hostname="DESKTOP-H8I6M93" failures="0" tests="1" name="RestAssured.RestAssured.Second" time="2.121" errors="0" timestamp="15 Aug 2018 15:17:06 GMT" skipped="0">
  <testcase classname="RestAssured.RestAssured.Second" name="test2" time="2.121"/>
</testsuite> <!-- RestAssured.RestAssured.Second -->
