<?xml version="1.0" encoding="UTF-8"?>
<!-- Generated by org.testng.reporters.JUnitReportReporter -->
<testsuite ignored="0" hostname="DESKTOP-H8I6M93" failures="1" tests="1" name="RestAssured.RestAssured.FirstRest" time="2.172" errors="0" timestamp="15 Aug 2018 14:59:52 GMT" skipped="0">
  <testcase classname="RestAssured.RestAssured.FirstRest" name="statuscode" time="2.172">
    <failure message="expected [200] but found [&lt;!doctype html&gt;&lt;html itemscope=&quot;&quot; itemtype=&quot;http://schema.org/WebPage&quot; lang=&quot;en-IN&quot;&gt;&lt;head&gt;&lt;meta content=&quot;text/html; charset=UTF-8&quot; http-equiv=&quot;Content-Type&quot;&gt;&lt;meta content=&quot;/logos/doodles/2018/india-independence-day-2018-5949872665526272.2-l.png&quot; itemprop=&quot;image&quot;&gt;&lt;meta content=&quot;India Independence Day 2018&quot; property=&quot;twitter:title&quot;&gt;&lt;meta content=&quot;Happy Independence Day, India! #GoogleDoodle&quot; property=&quot;twitter:description&quot;&gt;&lt;meta content=&quot;Happy Independence Day, India! #GoogleDoodle&quot; property=&quot;og:description&quot;&gt;&lt;meta content=&quot;summary_large_image&quot; property=&quot;twitter:card&quot;&gt;&lt;meta content=&quot;@GoogleDoodles&quot; property=&quot;twitter:site&quot;&gt;&lt;meta content=&quot;https://www.google.com/logos/doodles/2018/india-independence-day-2018-5949872665526272-2x.png&quot; property=&quot;twitter:image&quot;&gt;&lt;meta content=&quot;https://www.google.com/logos/doodles/2018/india-independence-day-2018-5949872665526272-2x.png&quot; property=&quot;og:image&quot;&gt;&lt;meta content=&quot;1150&quot; property=&quot;og:image:width&quot;&gt;&lt;meta content=&quot;460&quot; property=&quot;og:image:height&quot;&gt;&lt;title&gt;Google&lt;/title&gt;&lt;script nonce=&quot;3Ko1rtUQu0pyYUguKzl87w==&quot;&gt;(function(){window.google={kEI:&#039;6T90W4CeAcKAvgTvtYOQCg&#039;,kEXPI:&#039;0,1353746,58,1958,583,434,280,2345,5,297,433,338,446,393,28,261,105,2338625,154,32,329294,1294,12383,2349,2506,32691,15248,867,317,11846,6381,3335,2,2,4609,2192,367,550,664,2102,2314,3191,224,502,5,1705,136,130,5107,444,131,1119,2,578,728,310,3,299,1820,58,2,2,2,1297,1712,1376,505,732,401,1693,664,630,8,300,1269,774,1232,883,135,281,2,694,148,282,593,1894,850,525,22,599,5,2,2,1763,534,127,2,65,3,773,158,701,328,569,509,1236,351,296,1344,69,1050,334,130,630,480,78,156,386,8,584,2,417,81,7,3,25,463,620,29,989,406,451,7,63,74,494,919,297,93,5,432,77,162,159,12,28,337,920,754,320,2,95,354,127,522,180,411,125,305,26,601,194,197,5,161,465,29,207,136,40,32,44,173,19,135,208,39,2,115,87,6,331,234,1049,62,222,358,300,2317335,3685998,2554,8797786,4,1572,549,332,445,1,2,1,1,78,1,506,394,583,4,309,1,8,1,2,1,1,2130,1,1,1,1,1,195,39,2,2,83,1,1,3,1,1,13,8,13,7,11,23,4,7,1,4,22309382&#039;,authuser:0,kscs:&#039;c9c918f0_6T90W4CeAcKAvgTvtYOQCg&#039;,kGL:&#039;IN&#039;};google.kHL=&#039;en-IN&#039;;})();google.time=function(){return(new Date).getTime()};(function(){google.lc=[];google.li=0;google.getEI=function(a){for(var b;a&amp;&amp;(!a.getAttribute||!(b=a.getAttribute(&quot;eid&quot;)));)a=a.parentNode;return b||google.kEI};google.getLEI=function(a){for(var b=null;a&amp;&amp;(!a.getAttribute||!(b=a.getAttribute(&quot;leid&quot;)));)a=a.parentNode;return b};google.https=function(){return&quot;https:&quot;==window.location.protocol};google.ml=function(){return null};google.wl=function(a,b){try{google.ml(Error(a),!1,b)}catch(d){}};google.log=function(a,b,d,c,g){if(a=google.logUrl(a,b,d,c,g)){b=new Image;var e=google.lc,f=google.li;e[f]=b;b.onerror=b.onload=b.onabort=function(){delete e[f]};google.vel&amp;&amp;google.vel.lu&amp;&amp;google.vel.lu(a);b.src=a;google.li=f+1}};google.logUrl=function(a,b,d,c,g){var e=&quot;&quot;,f=google.ls||&quot;&quot;;d||-1!=b.search(&quot;&amp;ei=&quot;)||(e=&quot;&amp;ei=&quot;+google.getEI(c),-1==b.search(&quot;&amp;lei=&quot;)&amp;&amp;(c=google.getLEI(c))&amp;&amp;(e+=&quot;&amp;lei=&quot;+c));c=&quot;&quot;;!d&amp;&amp;google.cshid&amp;&amp;-1==b.search(&quot;&amp;cshid=&quot;)&amp;&amp;&quot;slh&quot;!=a&amp;&amp;(c=&quot;&amp;cshid=&quot;+google.cshid);a=d||&quot;/&quot;+(g||&quot;gen_204&quot;)+&quot;?atyp=i&amp;ct=&quot;+a+&quot;&amp;cad=&quot;+b+e+f+&quot;&amp;zx=&quot;+google.time()+c;/^http:/i.test(a)&amp;&amp;google.https()&amp;&amp;(google.ml(Error(&quot;a&quot;),!1,{src:a,glmm:1}),a=&quot;&quot;);return a};}).call(this);(function(){google.y={};google.x=function(a,b){if(a)var c=a.id;else{do c=Math.random();while(google.y[c])}google.y[c]=[a,b];return!1};google.lm=[];google.plm=function(a){google.lm.push.apply(google.lm,a)};google.lq=[];google.load=function(a,b,c){google.lq.push([[a],b,c])};google.loadAll=function(a,b){google.lq.push([a,b])};}).call(this);google.f={};&lt;/script&gt;&lt;script nonce=&quot;3Ko1rtUQu0pyYUguKzl87w==&quot;&gt;var a=window.location,b=a.href.indexOf(&quot;#&quot;);if(0&lt;=b){var c=a.href.substring(b+1);/(^|&amp;)q=/.test(c)&amp;&amp;-1==c.indexOf(&quot;#&quot;)&amp;&amp;a.replace(&quot;/search?&quot;+c.replace(/(^|&amp;)fp=[^&amp;]*/g,&quot;&quot;)+&quot;&amp;cad=h&quot;)};&lt;/script&gt;&lt;style&gt;#gbar,#guser{font-size:13px;padding-top:1px !important;}#gbar{height:22px}#guser{padding-bottom:7px !important;text-align:right}.gbh,.gbd{border-top:1px solid #c9d7f1;font-size:1px}.gbh{height:0;position:absolute;top:24px;width:100%}@media all{.gb1{height:22px;margin-right:.5em;vertical-align:top}#gbar{float:left}}a.gb1,a.gb4{text-decoration:underline !important}a.gb1,a.gb4{color:#00c !important}.gbi .gb4{color:#dd8e27 !important}.gbf .gb4{color:#900 !important}
&lt;/style&gt;&lt;style&gt;body,td,a,p,.h{font-family:arial,sans-serif}body{margin:0;overflow-y:scroll}#gog{padding:3px 8px 0}td{line-height:.8em}.gac_m td{line-height:17px}form{margin-bottom:20px}.h{color:#36c}.q{color:#00c}.ts td{padding:0}.ts{border-collapse:collapse}em{font-weight:bold;font-style:normal}.lst{height:25px;width:496px}.gsfi,.lst{font:18px arial,sans-serif}.gsfs{font:17px arial,sans-serif}.ds{display:inline-box;display:inline-block;margin:3px 0 4px;margin-left:4px}input{font-family:inherit}a.gb1,a.gb2,a.gb3,a.gb4{color:#11c !important}body{background:#fff;color:black}a{color:#11c;text-decoration:none}a:hover,a:active{text-decoration:underline}.fl a{color:#36c}a:visited{color:#551a8b}a.gb1,a.gb4{text-decoration:underline}a.gb3:hover{text-decoration:none}#ghead a.gb2:hover{color:#fff !important}.sblc{padding-top:5px}.sblc a{display:block;margin:2px 0;margin-left:13px;font-size:11px}.lsbb{background:#eee;border:solid 1px;border-color:#ccc #999 #999 #ccc;height:30px}.lsbb{display:block}.ftl,#fll a{display:inline-block;margin:0 12px}.lsb{background:url(/images/nav_logo229.png) 0 -261px repeat-x;border:none;color:#000;cursor:pointer;height:30px;margin:0;outline:0;font:15px arial,sans-serif;vertical-align:top}.lsb:active{background:#ccc}.lst:focus{outline:none}&lt;/style&gt;&lt;script nonce=&quot;3Ko1rtUQu0pyYUguKzl87w==&quot;&gt;&lt;/script&gt;&lt;link href=&quot;/images/branding/product/ico/googleg_lodp.ico&quot; rel=&quot;shortcut icon&quot;&gt;&lt;/head&gt;&lt;body bgcolor=&quot;#fff&quot;&gt;&lt;script nonce=&quot;3Ko1rtUQu0pyYUguKzl87w==&quot;&gt;(function(){var src=&#039;/images/nav_logo229.png&#039;;var iesg=false;document.body.onload = function(){window.n &amp;&amp; window.n();if (document.images){new Image().src=src;}
if (!iesg){document.f&amp;&amp;document.f.q.focus();document.gbqf&amp;&amp;document.gbqf.q.focus();}
}
})();&lt;/script&gt;&lt;div id=&quot;mngb&quot;&gt; &lt;div id=gbar&gt;&lt;nobr&gt;&lt;b class=gb1&gt;Search&lt;/b&gt; &lt;a class=gb1 href=&quot;https://www.google.co.in/imghp?hl=en&amp;tab=wi&quot;&gt;Images&lt;/a&gt; &lt;a class=gb1 href=&quot;https://maps.google.co.in/maps?hl=en&amp;tab=wl&quot;&gt;Maps&lt;/a&gt; &lt;a class=gb1 href=&quot;https://play.google.com/?hl=en&amp;tab=w8&quot;&gt;Play&lt;/a&gt; &lt;a class=gb1 href=&quot;https://www.youtube.com/?gl=IN&amp;tab=w1&quot;&gt;YouTube&lt;/a&gt; &lt;a class=gb1 href=&quot;https://news.google.co.in/nwshp?hl=en&amp;tab=wn&quot;&gt;News&lt;/a&gt; &lt;a class=gb1 href=&quot;https://mail.google.com/mail/?tab=wm&quot;&gt;Gmail&lt;/a&gt; &lt;a class=gb1 href=&quot;https://drive.google.com/?tab=wo&quot;&gt;Drive&lt;/a&gt; &lt;a class=gb1 style=&quot;text-decoration:none&quot; href=&quot;https://www.google.co.in/intl/en/options/&quot;&gt;&lt;u&gt;More&lt;/u&gt; &amp;raquo;&lt;/a&gt;&lt;/nobr&gt;&lt;/div&gt;&lt;div id=guser width=100%&gt;&lt;nobr&gt;&lt;span id=gbn class=gbi&gt;&lt;/span&gt;&lt;span id=gbf class=gbf&gt;&lt;/span&gt;&lt;span id=gbe&gt;&lt;/span&gt;&lt;a href=&quot;http://www.google.co.in/history/optout?hl=en&quot; class=gb4&gt;Web History&lt;/a&gt; | &lt;a  href=&quot;/preferences?hl=en&quot; class=gb4&gt;Settings&lt;/a&gt; | &lt;a target=_top id=gb_70 href=&quot;https://accounts.google.com/ServiceLogin?hl=en&amp;passive=true&amp;continue=https://www.google.com/&quot; class=gb4&gt;Sign in&lt;/a&gt;&lt;/nobr&gt;&lt;/div&gt;&lt;div class=gbh style=left:0&gt;&lt;/div&gt;&lt;div class=gbh style=right:0&gt;&lt;/div&gt; &lt;/div&gt;&lt;center&gt;&lt;br clear=&quot;all&quot; id=&quot;lgpd&quot;&gt;&lt;div id=&quot;lga&quot;&gt;&lt;a href=&quot;/search?site=&amp;amp;ie=UTF-8&amp;amp;q=India+Independence+Day&amp;amp;oi=ddle&amp;amp;ct=india-independence-day-2018-5949872665526272&amp;amp;hl=en&amp;amp;kgmid=/m/07j57g&amp;amp;sa=X&amp;amp;ved=0ahUKEwjAtsWhqe_cAhVCgI8KHe_aAKIQPQgD&quot;&gt;&lt;img alt=&quot;India Independence Day 2018&quot; border=&quot;0&quot; height=&quot;220&quot; src=&quot;/logos/doodles/2018/india-independence-day-2018-5949872665526272.2-l.png&quot; title=&quot;India Independence Day 2018&quot; width=&quot;550&quot; id=&quot;hplogo&quot; onload=&quot;window.lol&amp;&amp;lol()&quot;&gt;&lt;br&gt;&lt;/a&gt;&lt;br&gt;&lt;/div&gt;&lt;form action=&quot;/search&quot; name=&quot;f&quot;&gt;&lt;table cellpadding=&quot;0&quot; cellspacing=&quot;0&quot;&gt;&lt;tr valign=&quot;top&quot;&gt;&lt;td width=&quot;25%&quot;&gt;&amp;nbsp;&lt;/td&gt;&lt;td align=&quot;center&quot; nowrap=&quot;&quot;&gt;&lt;input name=&quot;ie&quot; value=&quot;ISO-8859-1&quot; type=&quot;hidden&quot;&gt;&lt;input value=&quot;en-IN&quot; name=&quot;hl&quot; type=&quot;hidden&quot;&gt;&lt;input name=&quot;source&quot; type=&quot;hidden&quot; value=&quot;hp&quot;&gt;&lt;input name=&quot;biw&quot; type=&quot;hidden&quot;&gt;&lt;input name=&quot;bih&quot; type=&quot;hidden&quot;&gt;&lt;div class=&quot;ds&quot; style=&quot;height:32px;margin:4px 0&quot;&gt;&lt;input style=&quot;color:#000;margin:0;padding:5px 8px 0 6px;vertical-align:top&quot; autocomplete=&quot;off&quot; class=&quot;lst&quot; value=&quot;&quot; title=&quot;Google Search&quot; maxlength=&quot;2048&quot; name=&quot;q&quot; size=&quot;57&quot;&gt;&lt;/div&gt;&lt;br style=&quot;line-height:0&quot;&gt;&lt;span class=&quot;ds&quot;&gt;&lt;span class=&quot;lsbb&quot;&gt;&lt;input class=&quot;lsb&quot; value=&quot;Google Search&quot; name=&quot;btnG&quot; type=&quot;submit&quot;&gt;&lt;/span&gt;&lt;/span&gt;&lt;span class=&quot;ds&quot;&gt;&lt;span class=&quot;lsbb&quot;&gt;&lt;input class=&quot;lsb&quot; value=&quot;I&#039;m Feeling Lucky&quot; name=&quot;btnI&quot; onclick=&quot;if(this.form.q.value)this.checked=1; else top.location=&#039;/doodles/&#039;&quot; type=&quot;submit&quot;&gt;&lt;/span&gt;&lt;/span&gt;&lt;/td&gt;&lt;td class=&quot;fl sblc&quot; align=&quot;left&quot; nowrap=&quot;&quot; width=&quot;25%&quot;&gt;&lt;a href=&quot;/advanced_search?hl=en-IN&amp;amp;authuser=0&quot;&gt;Advanced search&lt;/a&gt;&lt;a href=&quot;/language_tools?hl=en-IN&amp;amp;authuser=0&quot;&gt;Language tools&lt;/a&gt;&lt;/td&gt;&lt;/tr&gt;&lt;/table&gt;&lt;input id=&quot;gbv&quot; name=&quot;gbv&quot; type=&quot;hidden&quot; value=&quot;1&quot;&gt;&lt;/form&gt;&lt;div id=&quot;gac_scont&quot;&gt;&lt;/div&gt;&lt;div style=&quot;font-size:83%;min-height:3.5em&quot;&gt;&lt;br&gt;&lt;div id=&quot;prm&quot;&gt;&lt;style&gt;.szppmdbYutt__middle-slot-promo{font-size:small;margin-bottom:32px}.szppmdbYutt__middle-slot-promo a.ZIeIlb{display:inline-block;text-decoration:none}.szppmdbYutt__middle-slot-promo img{border:none;margin-right:5px;vertical-align:middle}&lt;/style&gt;&lt;div class=&quot;szppmdbYutt__middle-slot-promo&quot; data-ved=&quot;0ahUKEwjAtsWhqe_cAhVCgI8KHe_aAKIQnIcBCAQ&quot;&gt;&lt;a class=&quot;NKcBbd&quot; href=&quot;https://www.google.com/url?q=https://artsandculture.google.com/exhibit/oALypdm9hVJHIQ&amp;amp;source=hpp&amp;amp;id=19007773&amp;amp;ct=3&amp;amp;usg=AFQjCNFr6K7QYtGpYI5pG4V1iXDC8W0LPw&amp;amp;sa=X&amp;amp;ved=0ahUKEwjAtsWhqe_cAhVCgI8KHe_aAKIQ8IcBCAU&quot; rel=&quot;nofollow&quot;&gt;See the lost photos of India&#039;s Independence&lt;/a&gt;&lt;/div&gt;&lt;/div&gt;&lt;div id=&quot;gws-output-pages-elements-homepage_additional_languages__als&quot;&gt;&lt;style&gt;#gws-output-pages-elements-homepage_additional_languages__als{font-size:small;margin-bottom:24px}#SIvCob{display:inline-block;line-height:28px;}#SIvCob a{padding:0 3px;}.H6sW5{display:inline-block;margin:0 2px;white-space:nowrap}.z4hgWe{display:inline-block;margin:0 2px}&lt;/style&gt;&lt;div id=&quot;SIvCob&quot;&gt;Google offered in:  &lt;a href=&quot;https://www.google.com/setprefs?sig=0_p9fqjOfOhUwqk_tcW3IeXhWnt1g%3D&amp;amp;hl=hi&amp;amp;source=homepage&amp;amp;sa=X&amp;amp;ved=0ahUKEwjAtsWhqe_cAhVCgI8KHe_aAKIQ2ZgBCAc&quot;&gt;&amp;#2361;&amp;#2367;&amp;#2344;&amp;#2381;&amp;#2342;&amp;#2368;&lt;/a&gt;    &lt;a href=&quot;https://www.google.com/setprefs?sig=0_p9fqjOfOhUwqk_tcW3IeXhWnt1g%3D&amp;amp;hl=bn&amp;amp;source=homepage&amp;amp;sa=X&amp;amp;ved=0ahUKEwjAtsWhqe_cAhVCgI8KHe_aAKIQ2ZgBCAg&quot;&gt;&amp;#2476;&amp;#2494;&amp;#2434;&amp;#2482;&amp;#2494;&lt;/a&gt;    &lt;a href=&quot;https://www.google.com/setprefs?sig=0_p9fqjOfOhUwqk_tcW3IeXhWnt1g%3D&amp;amp;hl=te&amp;amp;source=homepage&amp;amp;sa=X&amp;amp;ved=0ahUKEwjAtsWhqe_cAhVCgI8KHe_aAKIQ2ZgBCAk&quot;&gt;&amp;#3108;&amp;#3142;&amp;#3122;&amp;#3137;&amp;#3095;&amp;#3137;&lt;/a&gt;    &lt;a href=&quot;https://www.google.com/setprefs?sig=0_p9fqjOfOhUwqk_tcW3IeXhWnt1g%3D&amp;amp;hl=mr&amp;amp;source=homepage&amp;amp;sa=X&amp;amp;ved=0ahUKEwjAtsWhqe_cAhVCgI8KHe_aAKIQ2ZgBCAo&quot;&gt;&amp;#2350;&amp;#2352;&amp;#2366;&amp;#2336;&amp;#2368;&lt;/a&gt;    &lt;a href=&quot;https://www.google.com/setprefs?sig=0_p9fqjOfOhUwqk_tcW3IeXhWnt1g%3D&amp;amp;hl=ta&amp;amp;source=homepage&amp;amp;sa=X&amp;amp;ved=0ahUKEwjAtsWhqe_cAhVCgI8KHe_aAKIQ2ZgBCAs&quot;&gt;&amp;#2980;&amp;#2990;&amp;#3007;&amp;#2996;&amp;#3021;&lt;/a&gt;    &lt;a href=&quot;https://www.google.com/setprefs?sig=0_p9fqjOfOhUwqk_tcW3IeXhWnt1g%3D&amp;amp;hl=gu&amp;amp;source=homepage&amp;amp;sa=X&amp;amp;ved=0ahUKEwjAtsWhqe_cAhVCgI8KHe_aAKIQ2ZgBCAw&quot;&gt;&amp;#2711;&amp;#2753;&amp;#2716;&amp;#2736;&amp;#2750;&amp;#2724;&amp;#2752;&lt;/a&gt;    &lt;a href=&quot;https://www.google.com/setprefs?sig=0_p9fqjOfOhUwqk_tcW3IeXhWnt1g%3D&amp;amp;hl=kn&amp;amp;source=homepage&amp;amp;sa=X&amp;amp;ved=0ahUKEwjAtsWhqe_cAhVCgI8KHe_aAKIQ2ZgBCA0&quot;&gt;&amp;#3221;&amp;#3240;&amp;#3277;&amp;#3240;&amp;#3233;&lt;/a&gt;    &lt;a href=&quot;https://www.google.com/setprefs?sig=0_p9fqjOfOhUwqk_tcW3IeXhWnt1g%3D&amp;amp;hl=ml&amp;amp;source=homepage&amp;amp;sa=X&amp;amp;ved=0ahUKEwjAtsWhqe_cAhVCgI8KHe_aAKIQ2ZgBCA4&quot;&gt;&amp;#3374;&amp;#3378;&amp;#3375;&amp;#3390;&amp;#3379;&amp;#3330;&lt;/a&gt;    &lt;a href=&quot;https://www.google.com/setprefs?sig=0_p9fqjOfOhUwqk_tcW3IeXhWnt1g%3D&amp;amp;hl=pa&amp;amp;source=homepage&amp;amp;sa=X&amp;amp;ved=0ahUKEwjAtsWhqe_cAhVCgI8KHe_aAKIQ2ZgBCA8&quot;&gt;&amp;#2602;&amp;#2672;&amp;#2588;&amp;#2622;&amp;#2604;&amp;#2624;&lt;/a&gt;  &lt;/div&gt;&lt;/div&gt;&lt;/div&gt;&lt;span id=&quot;footer&quot;&gt;&lt;div style=&quot;font-size:10pt&quot;&gt;&lt;div style=&quot;margin:19px auto;text-align:center&quot; id=&quot;fll&quot;&gt;&lt;a href=&quot;/intl/en/ads/&quot;&gt;Advertising Programs&lt;/a&gt;&lt;a href=&quot;http://www.google.co.in/services/&quot;&gt;Business Solutions&lt;/a&gt;&lt;a href=&quot;https://plus.google.com/104205742743787718296&quot; rel=&quot;publisher&quot;&gt;+Google&lt;/a&gt;&lt;a href=&quot;/intl/en/about.html&quot;&gt;About Google&lt;/a&gt;&lt;a href=&quot;https://www.google.com/setprefdomain?prefdom=IN&amp;amp;prev=https://www.google.co.in/&amp;amp;sig=__Xnv0pL3IDlIaWm0ib6rGIEmuTKo%3D&quot;&gt;Google.co.in&lt;/a&gt;&lt;/div&gt;&lt;/div&gt;&lt;p style=&quot;color:#767676;font-size:8pt&quot;&gt;&amp;copy; 2018 - &lt;a href=&quot;/intl/en/policies/privacy/&quot;&gt;Privacy&lt;/a&gt; - &lt;a href=&quot;/intl/en/policies/terms/&quot;&gt;Terms&lt;/a&gt;&lt;/p&gt;&lt;/span&gt;&lt;/center&gt;&lt;script nonce=&quot;3Ko1rtUQu0pyYUguKzl87w==&quot;&gt;(function(){window.google.cdo={height:0,width:0};(function(){var a=window.innerWidth,b=window.innerHeight;if(!a||!b){var c=window.document,d=&quot;CSS1Compat&quot;==c.compatMode?c.documentElement:c.body;a=d.clientWidth;b=d.clientHeight}a&amp;&amp;b&amp;&amp;(a!=google.cdo.width||b!=google.cdo.height)&amp;&amp;google.log(&quot;&quot;,&quot;&quot;,&quot;/client_204?&amp;atyp=i&amp;biw=&quot;+a+&quot;&amp;bih=&quot;+b+&quot;&amp;ei=&quot;+google.kEI);}).call(this);})();&lt;/script&gt;&lt;div id=&quot;xjsd&quot;&gt;&lt;/div&gt;&lt;div id=&quot;xjsi&quot;&gt;&lt;script nonce=&quot;3Ko1rtUQu0pyYUguKzl87w==&quot;&gt;(function(){function c(b){window.setTimeout(function(){var a=document.createElement(&quot;script&quot;);a.src=b;google.timers&amp;&amp;google.timers.load.t&amp;&amp;google.tick&amp;&amp;google.tick(&quot;load&quot;,{gen204:&quot;xjsls&quot;,clearcut:31});document.getElementById(&quot;xjsd&quot;).appendChild(a)},0)}google.dljp=function(b,a){google.xjsu=b;c(a)};google.dlj=c;}).call(this);if(!google.xjs){window._=window._||{};window._DumpException=window._._DumpException=function(e){throw e};window._F_installCss=window._._F_installCss=function(c){};google.dljp(&#039;/xjs/_/js/k\x3dxjs.hp.en.KO6JgKNMgu0.O/m\x3dsb_he,d/am\x3dhIKxAQ/rt\x3dj/d\x3d1/rs\x3dACT90oHcI9K8pv7kQNyhjD_FOj2nvh9Kug&#039;,&#039;/xjs/_/js/k\x3dxjs.hp.en.KO6JgKNMgu0.O/m\x3dsb_he,d/am\x3dhIKxAQ/rt\x3dj/d\x3d1/rs\x3dACT90oHcI9K8pv7kQNyhjD_FOj2nvh9Kug&#039;);google.xjs=1;}google.pmc={&quot;sb_he&quot;:{&quot;agen&quot;:true,&quot;cgen&quot;:true,&quot;client&quot;:&quot;heirloom-hp&quot;,&quot;dh&quot;:true,&quot;dhqt&quot;:true,&quot;ds&quot;:&quot;&quot;,&quot;ffql&quot;:&quot;en&quot;,&quot;fl&quot;:true,&quot;host&quot;:&quot;google.com&quot;,&quot;isbh&quot;:28,&quot;jsonp&quot;:true,&quot;msgs&quot;:{&quot;cibl&quot;:&quot;Clear Search&quot;,&quot;dym&quot;:&quot;Did you mean:&quot;,&quot;lcky&quot;:&quot;I\u0026#39;m Feeling Lucky&quot;,&quot;lml&quot;:&quot;Learn more&quot;,&quot;oskt&quot;:&quot;Input tools&quot;,&quot;psrc&quot;:&quot;This search was removed from your \u003Ca href=\&quot;/history\&quot;\u003EWeb History\u003C/a\u003E&quot;,&quot;psrl&quot;:&quot;Remove&quot;,&quot;sbit&quot;:&quot;Search by image&quot;,&quot;srch&quot;:&quot;Google Search&quot;},&quot;nds&quot;:true,&quot;ovr&quot;:{},&quot;pq&quot;:&quot;&quot;,&quot;refpd&quot;:true,&quot;rfs&quot;:[],&quot;sbpl&quot;:24,&quot;sbpr&quot;:24,&quot;scd&quot;:10,&quot;sce&quot;:5,&quot;stok&quot;:&quot;gRPfvl7a9E4aAEfvl3tPmL_hNdA&quot;,&quot;uhde&quot;:false},&quot;d&quot;:{},&quot;ZI/YVQ&quot;:{},&quot;Qnk92g&quot;:{},&quot;U5B21g&quot;:{},&quot;DPBNMg&quot;:{},&quot;YFCs/g&quot;:{}};google.x(null,function(){});(function(){var r=[];google.plm(r);})();(function(){var m=[]
;google.jsc &amp;&amp; google.jsc.m(m);})();&lt;/script&gt;&lt;/div&gt;&lt;/body&gt;&lt;/html&gt;]" type="java.lang.AssertionError">
      <![CDATA[java.lang.AssertionError: expected [200] but found [<!doctype html><html itemscope="" itemtype="http://schema.org/WebPage" lang="en-IN"><head><meta content="text/html; charset=UTF-8" http-equiv="Content-Type"><meta content="/logos/doodles/2018/india-independence-day-2018-5949872665526272.2-l.png" itemprop="image"><meta content="India Independence Day 2018" property="twitter:title"><meta content="Happy Independence Day, India! #GoogleDoodle" property="twitter:description"><meta content="Happy Independence Day, India! #GoogleDoodle" property="og:description"><meta content="summary_large_image" property="twitter:card"><meta content="@GoogleDoodles" property="twitter:site"><meta content="https://www.google.com/logos/doodles/2018/india-independence-day-2018-5949872665526272-2x.png" property="twitter:image"><meta content="https://www.google.com/logos/doodles/2018/india-independence-day-2018-5949872665526272-2x.png" property="og:image"><meta content="1150" property="og:image:width"><meta content="460" property="og:image:height"><title>Google</title><script nonce="3Ko1rtUQu0pyYUguKzl87w==">(function(){window.google={kEI:'6T90W4CeAcKAvgTvtYOQCg',kEXPI:'0,1353746,58,1958,583,434,280,2345,5,297,433,338,446,393,28,261,105,2338625,154,32,329294,1294,12383,2349,2506,32691,15248,867,317,11846,6381,3335,2,2,4609,2192,367,550,664,2102,2314,3191,224,502,5,1705,136,130,5107,444,131,1119,2,578,728,310,3,299,1820,58,2,2,2,1297,1712,1376,505,732,401,1693,664,630,8,300,1269,774,1232,883,135,281,2,694,148,282,593,1894,850,525,22,599,5,2,2,1763,534,127,2,65,3,773,158,701,328,569,509,1236,351,296,1344,69,1050,334,130,630,480,78,156,386,8,584,2,417,81,7,3,25,463,620,29,989,406,451,7,63,74,494,919,297,93,5,432,77,162,159,12,28,337,920,754,320,2,95,354,127,522,180,411,125,305,26,601,194,197,5,161,465,29,207,136,40,32,44,173,19,135,208,39,2,115,87,6,331,234,1049,62,222,358,300,2317335,3685998,2554,8797786,4,1572,549,332,445,1,2,1,1,78,1,506,394,583,4,309,1,8,1,2,1,1,2130,1,1,1,1,1,195,39,2,2,83,1,1,3,1,1,13,8,13,7,11,23,4,7,1,4,22309382',authuser:0,kscs:'c9c918f0_6T90W4CeAcKAvgTvtYOQCg',kGL:'IN'};google.kHL='en-IN';})();google.time=function(){return(new Date).getTime()};(function(){google.lc=[];google.li=0;google.getEI=function(a){for(var b;a&&(!a.getAttribute||!(b=a.getAttribute("eid")));)a=a.parentNode;return b||google.kEI};google.getLEI=function(a){for(var b=null;a&&(!a.getAttribute||!(b=a.getAttribute("leid")));)a=a.parentNode;return b};google.https=function(){return"https:"==window.location.protocol};google.ml=function(){return null};google.wl=function(a,b){try{google.ml(Error(a),!1,b)}catch(d){}};google.log=function(a,b,d,c,g){if(a=google.logUrl(a,b,d,c,g)){b=new Image;var e=google.lc,f=google.li;e[f]=b;b.onerror=b.onload=b.onabort=function(){delete e[f]};google.vel&&google.vel.lu&&google.vel.lu(a);b.src=a;google.li=f+1}};google.logUrl=function(a,b,d,c,g){var e="",f=google.ls||"";d||-1!=b.search("&ei=")||(e="&ei="+google.getEI(c),-1==b.search("&lei=")&&(c=google.getLEI(c))&&(e+="&lei="+c));c="";!d&&google.cshid&&-1==b.search("&cshid=")&&"slh"!=a&&(c="&cshid="+google.cshid);a=d||"/"+(g||"gen_204")+"?atyp=i&ct="+a+"&cad="+b+e+f+"&zx="+google.time()+c;/^http:/i.test(a)&&google.https()&&(google.ml(Error("a"),!1,{src:a,glmm:1}),a="");return a};}).call(this);(function(){google.y={};google.x=function(a,b){if(a)var c=a.id;else{do c=Math.random();while(google.y[c])}google.y[c]=[a,b];return!1};google.lm=[];google.plm=function(a){google.lm.push.apply(google.lm,a)};google.lq=[];google.load=function(a,b,c){google.lq.push([[a],b,c])};google.loadAll=function(a,b){google.lq.push([a,b])};}).call(this);google.f={};</script><script nonce="3Ko1rtUQu0pyYUguKzl87w==">var a=window.location,b=a.href.indexOf("#");if(0<=b){var c=a.href.substring(b+1);/(^|&)q=/.test(c)&&-1==c.indexOf("#")&&a.replace("/search?"+c.replace(/(^|&)fp=[^&]*/g,"")+"&cad=h")};</script><style>#gbar,#guser{font-size:13px;padding-top:1px !important;}#gbar{height:22px}#guser{padding-bottom:7px !important;text-align:right}.gbh,.gbd{border-top:1px solid #c9d7f1;font-size:1px}.gbh{height:0;position:absolute;top:24px;width:100%}@media all{.gb1{height:22px;margin-right:.5em;vertical-align:top}#gbar{float:left}}a.gb1,a.gb4{text-decoration:underline !important}a.gb1,a.gb4{color:#00c !important}.gbi .gb4{color:#dd8e27 !important}.gbf .gb4{color:#900 !important}
</style><style>body,td,a,p,.h{font-family:arial,sans-serif}body{margin:0;overflow-y:scroll}#gog{padding:3px 8px 0}td{line-height:.8em}.gac_m td{line-height:17px}form{margin-bottom:20px}.h{color:#36c}.q{color:#00c}.ts td{padding:0}.ts{border-collapse:collapse}em{font-weight:bold;font-style:normal}.lst{height:25px;width:496px}.gsfi,.lst{font:18px arial,sans-serif}.gsfs{font:17px arial,sans-serif}.ds{display:inline-box;display:inline-block;margin:3px 0 4px;margin-left:4px}input{font-family:inherit}a.gb1,a.gb2,a.gb3,a.gb4{color:#11c !important}body{background:#fff;color:black}a{color:#11c;text-decoration:none}a:hover,a:active{text-decoration:underline}.fl a{color:#36c}a:visited{color:#551a8b}a.gb1,a.gb4{text-decoration:underline}a.gb3:hover{text-decoration:none}#ghead a.gb2:hover{color:#fff !important}.sblc{padding-top:5px}.sblc a{display:block;margin:2px 0;margin-left:13px;font-size:11px}.lsbb{background:#eee;border:solid 1px;border-color:#ccc #999 #999 #ccc;height:30px}.lsbb{display:block}.ftl,#fll a{display:inline-block;margin:0 12px}.lsb{background:url(/images/nav_logo229.png) 0 -261px repeat-x;border:none;color:#000;cursor:pointer;height:30px;margin:0;outline:0;font:15px arial,sans-serif;vertical-align:top}.lsb:active{background:#ccc}.lst:focus{outline:none}</style><script nonce="3Ko1rtUQu0pyYUguKzl87w=="></script><link href="/images/branding/product/ico/googleg_lodp.ico" rel="shortcut icon"></head><body bgcolor="#fff"><script nonce="3Ko1rtUQu0pyYUguKzl87w==">(function(){var src='/images/nav_logo229.png';var iesg=false;document.body.onload = function(){window.n && window.n();if (document.images){new Image().src=src;}
if (!iesg){document.f&&document.f.q.focus();document.gbqf&&document.gbqf.q.focus();}
}
})();</script><div id="mngb"> <div id=gbar><nobr><b class=gb1>Search</b> <a class=gb1 href="https://www.google.co.in/imghp?hl=en&tab=wi">Images</a> <a class=gb1 href="https://maps.google.co.in/maps?hl=en&tab=wl">Maps</a> <a class=gb1 href="https://play.google.com/?hl=en&tab=w8">Play</a> <a class=gb1 href="https://www.youtube.com/?gl=IN&tab=w1">YouTube</a> <a class=gb1 href="https://news.google.co.in/nwshp?hl=en&tab=wn">News</a> <a class=gb1 href="https://mail.google.com/mail/?tab=wm">Gmail</a> <a class=gb1 href="https://drive.google.com/?tab=wo">Drive</a> <a class=gb1 style="text-decoration:none" href="https://www.google.co.in/intl/en/options/"><u>More</u> &raquo;</a></nobr></div><div id=guser width=100%><nobr><span id=gbn class=gbi></span><span id=gbf class=gbf></span><span id=gbe></span><a href="http://www.google.co.in/history/optout?hl=en" class=gb4>Web History</a> | <a  href="/preferences?hl=en" class=gb4>Settings</a> | <a target=_top id=gb_70 href="https://accounts.google.com/ServiceLogin?hl=en&passive=true&continue=https://www.google.com/" class=gb4>Sign in</a></nobr></div><div class=gbh style=left:0></div><div class=gbh style=right:0></div> </div><center><br clear="all" id="lgpd"><div id="lga"><a href="/search?site=&amp;ie=UTF-8&amp;q=India+Independence+Day&amp;oi=ddle&amp;ct=india-independence-day-2018-5949872665526272&amp;hl=en&amp;kgmid=/m/07j57g&amp;sa=X&amp;ved=0ahUKEwjAtsWhqe_cAhVCgI8KHe_aAKIQPQgD"><img alt="India Independence Day 2018" border="0" height="220" src="/logos/doodles/2018/india-independence-day-2018-5949872665526272.2-l.png" title="India Independence Day 2018" width="550" id="hplogo" onload="window.lol&&lol()"><br></a><br></div><form action="/search" name="f"><table cellpadding="0" cellspacing="0"><tr valign="top"><td width="25%">&nbsp;</td><td align="center" nowrap=""><input name="ie" value="ISO-8859-1" type="hidden"><input value="en-IN" name="hl" type="hidden"><input name="source" type="hidden" value="hp"><input name="biw" type="hidden"><input name="bih" type="hidden"><div class="ds" style="height:32px;margin:4px 0"><input style="color:#000;margin:0;padding:5px 8px 0 6px;vertical-align:top" autocomplete="off" class="lst" value="" title="Google Search" maxlength="2048" name="q" size="57"></div><br style="line-height:0"><span class="ds"><span class="lsbb"><input class="lsb" value="Google Search" name="btnG" type="submit"></span></span><span class="ds"><span class="lsbb"><input class="lsb" value="I'm Feeling Lucky" name="btnI" onclick="if(this.form.q.value)this.checked=1; else top.location='/doodles/'" type="submit"></span></span></td><td class="fl sblc" align="left" nowrap="" width="25%"><a href="/advanced_search?hl=en-IN&amp;authuser=0">Advanced search</a><a href="/language_tools?hl=en-IN&amp;authuser=0">Language tools</a></td></tr></table><input id="gbv" name="gbv" type="hidden" value="1"></form><div id="gac_scont"></div><div style="font-size:83%;min-height:3.5em"><br><div id="prm"><style>.szppmdbYutt__middle-slot-promo{font-size:small;margin-bottom:32px}.szppmdbYutt__middle-slot-promo a.ZIeIlb{display:inline-block;text-decoration:none}.szppmdbYutt__middle-slot-promo img{border:none;margin-right:5px;vertical-align:middle}</style><div class="szppmdbYutt__middle-slot-promo" data-ved="0ahUKEwjAtsWhqe_cAhVCgI8KHe_aAKIQnIcBCAQ"><a class="NKcBbd" href="https://www.google.com/url?q=https://artsandculture.google.com/exhibit/oALypdm9hVJHIQ&amp;source=hpp&amp;id=19007773&amp;ct=3&amp;usg=AFQjCNFr6K7QYtGpYI5pG4V1iXDC8W0LPw&amp;sa=X&amp;ved=0ahUKEwjAtsWhqe_cAhVCgI8KHe_aAKIQ8IcBCAU" rel="nofollow">See the lost photos of India's Independence</a></div></div><div id="gws-output-pages-elements-homepage_additional_languages__als"><style>#gws-output-pages-elements-homepage_additional_languages__als{font-size:small;margin-bottom:24px}#SIvCob{display:inline-block;line-height:28px;}#SIvCob a{padding:0 3px;}.H6sW5{display:inline-block;margin:0 2px;white-space:nowrap}.z4hgWe{display:inline-block;margin:0 2px}</style><div id="SIvCob">Google offered in:  <a href="https://www.google.com/setprefs?sig=0_p9fqjOfOhUwqk_tcW3IeXhWnt1g%3D&amp;hl=hi&amp;source=homepage&amp;sa=X&amp;ved=0ahUKEwjAtsWhqe_cAhVCgI8KHe_aAKIQ2ZgBCAc">&#2361;&#2367;&#2344;&#2381;&#2342;&#2368;</a>    <a href="https://www.google.com/setprefs?sig=0_p9fqjOfOhUwqk_tcW3IeXhWnt1g%3D&amp;hl=bn&amp;source=homepage&amp;sa=X&amp;ved=0ahUKEwjAtsWhqe_cAhVCgI8KHe_aAKIQ2ZgBCAg">&#2476;&#2494;&#2434;&#2482;&#2494;</a>    <a href="https://www.google.com/setprefs?sig=0_p9fqjOfOhUwqk_tcW3IeXhWnt1g%3D&amp;hl=te&amp;source=homepage&amp;sa=X&amp;ved=0ahUKEwjAtsWhqe_cAhVCgI8KHe_aAKIQ2ZgBCAk">&#3108;&#3142;&#3122;&#3137;&#3095;&#3137;</a>    <a href="https://www.google.com/setprefs?sig=0_p9fqjOfOhUwqk_tcW3IeXhWnt1g%3D&amp;hl=mr&amp;source=homepage&amp;sa=X&amp;ved=0ahUKEwjAtsWhqe_cAhVCgI8KHe_aAKIQ2ZgBCAo">&#2350;&#2352;&#2366;&#2336;&#2368;</a>    <a href="https://www.google.com/setprefs?sig=0_p9fqjOfOhUwqk_tcW3IeXhWnt1g%3D&amp;hl=ta&amp;source=homepage&amp;sa=X&amp;ved=0ahUKEwjAtsWhqe_cAhVCgI8KHe_aAKIQ2ZgBCAs">&#2980;&#2990;&#3007;&#2996;&#3021;</a>    <a href="https://www.google.com/setprefs?sig=0_p9fqjOfOhUwqk_tcW3IeXhWnt1g%3D&amp;hl=gu&amp;source=homepage&amp;sa=X&amp;ved=0ahUKEwjAtsWhqe_cAhVCgI8KHe_aAKIQ2ZgBCAw">&#2711;&#2753;&#2716;&#2736;&#2750;&#2724;&#2752;</a>    <a href="https://www.google.com/setprefs?sig=0_p9fqjOfOhUwqk_tcW3IeXhWnt1g%3D&amp;hl=kn&amp;source=homepage&amp;sa=X&amp;ved=0ahUKEwjAtsWhqe_cAhVCgI8KHe_aAKIQ2ZgBCA0">&#3221;&#3240;&#3277;&#3240;&#3233;</a>    <a href="https://www.google.com/setprefs?sig=0_p9fqjOfOhUwqk_tcW3IeXhWnt1g%3D&amp;hl=ml&amp;source=homepage&amp;sa=X&amp;ved=0ahUKEwjAtsWhqe_cAhVCgI8KHe_aAKIQ2ZgBCA4">&#3374;&#3378;&#3375;&#3390;&#3379;&#3330;</a>    <a href="https://www.google.com/setprefs?sig=0_p9fqjOfOhUwqk_tcW3IeXhWnt1g%3D&amp;hl=pa&amp;source=homepage&amp;sa=X&amp;ved=0ahUKEwjAtsWhqe_cAhVCgI8KHe_aAKIQ2ZgBCA8">&#2602;&#2672;&#2588;&#2622;&#2604;&#2624;</a>  </div></div></div><span id="footer"><div style="font-size:10pt"><div style="margin:19px auto;text-align:center" id="fll"><a href="/intl/en/ads/">Advertising Programs</a><a href="http://www.google.co.in/services/">Business Solutions</a><a href="https://plus.google.com/104205742743787718296" rel="publisher">+Google</a><a href="/intl/en/about.html">About Google</a><a href="https://www.google.com/setprefdomain?prefdom=IN&amp;prev=https://www.google.co.in/&amp;sig=__Xnv0pL3IDlIaWm0ib6rGIEmuTKo%3D">Google.co.in</a></div></div><p style="color:#767676;font-size:8pt">&copy; 2018 - <a href="/intl/en/policies/privacy/">Privacy</a> - <a href="/intl/en/policies/terms/">Terms</a></p></span></center><script nonce="3Ko1rtUQu0pyYUguKzl87w==">(function(){window.google.cdo={height:0,width:0};(function(){var a=window.innerWidth,b=window.innerHeight;if(!a||!b){var c=window.document,d="CSS1Compat"==c.compatMode?c.documentElement:c.body;a=d.clientWidth;b=d.clientHeight}a&&b&&(a!=google.cdo.width||b!=google.cdo.height)&&google.log("","","/client_204?&atyp=i&biw="+a+"&bih="+b+"&ei="+google.kEI);}).call(this);})();</script><div id="xjsd"></div><div id="xjsi"><script nonce="3Ko1rtUQu0pyYUguKzl87w==">(function(){function c(b){window.setTimeout(function(){var a=document.createElement("script");a.src=b;google.timers&&google.timers.load.t&&google.tick&&google.tick("load",{gen204:"xjsls",clearcut:31});document.getElementById("xjsd").appendChild(a)},0)}google.dljp=function(b,a){google.xjsu=b;c(a)};google.dlj=c;}).call(this);if(!google.xjs){window._=window._||{};window._DumpException=window._._DumpException=function(e){throw e};window._F_installCss=window._._F_installCss=function(c){};google.dljp('/xjs/_/js/k\x3dxjs.hp.en.KO6JgKNMgu0.O/m\x3dsb_he,d/am\x3dhIKxAQ/rt\x3dj/d\x3d1/rs\x3dACT90oHcI9K8pv7kQNyhjD_FOj2nvh9Kug','/xjs/_/js/k\x3dxjs.hp.en.KO6JgKNMgu0.O/m\x3dsb_he,d/am\x3dhIKxAQ/rt\x3dj/d\x3d1/rs\x3dACT90oHcI9K8pv7kQNyhjD_FOj2nvh9Kug');google.xjs=1;}google.pmc={"sb_he":{"agen":true,"cgen":true,"client":"heirloom-hp","dh":true,"dhqt":true,"ds":"","ffql":"en","fl":true,"host":"google.com","isbh":28,"jsonp":true,"msgs":{"cibl":"Clear Search","dym":"Did you mean:","lcky":"I\u0026#39;m Feeling Lucky","lml":"Learn more","oskt":"Input tools","psrc":"This search was removed from your \u003Ca href=\"/history\"\u003EWeb History\u003C/a\u003E","psrl":"Remove","sbit":"Search by image","srch":"Google Search"},"nds":true,"ovr":{},"pq":"","refpd":true,"rfs":[],"sbpl":24,"sbpr":24,"scd":10,"sce":5,"stok":"gRPfvl7a9E4aAEfvl3tPmL_hNdA","uhde":false},"d":{},"ZI/YVQ":{},"Qnk92g":{},"U5B21g":{},"DPBNMg":{},"YFCs/g":{}};google.x(null,function(){});(function(){var r=[];google.plm(r);})();(function(){var m=[]
;google.jsc && google.jsc.m(m);})();</script></div></body></html>]
	at org.testng.Assert.fail(Assert.java:94)
	at org.testng.Assert.failNotEquals(Assert.java:513)
	at org.testng.Assert.assertEqualsImpl(Assert.java:135)
	at org.testng.Assert.assertEquals(Assert.java:116)
	at org.testng.Assert.assertEquals(Assert.java:179)
	at RestAssured.RestAssured.FirstRest.statuscode(FirstRest.java:17)
	at java.base/jdk.internal.reflect.NativeMethodAccessorImpl.invoke0(Native Method)
	at java.base/jdk.internal.reflect.NativeMethodAccessorImpl.invoke(Unknown Source)
	at java.base/jdk.internal.reflect.DelegatingMethodAccessorImpl.invoke(Unknown Source)
	at java.base/java.lang.reflect.Method.invoke(Unknown Source)
	at org.testng.internal.MethodInvocationHelper.invokeMethod(MethodInvocationHelper.java:104)
	at org.testng.internal.Invoker.invokeMethod(Invoker.java:645)
	at org.testng.internal.Invoker.invokeTestMethod(Invoker.java:851)
	at org.testng.internal.Invoker.invokeTestMethods(Invoker.java:1177)
	at org.testng.internal.TestMethodWorker.invokeTestMethods(TestMethodWorker.java:129)
	at org.testng.internal.TestMethodWorker.run(TestMethodWorker.java:112)
	at org.testng.TestRunner.privateRun(TestRunner.java:756)
	at org.testng.TestRunner.run(TestRunner.java:610)
	at org.testng.SuiteRunner.runTest(SuiteRunner.java:387)
	at org.testng.SuiteRunner.runSequentially(SuiteRunner.java:382)
	at org.testng.SuiteRunner.privateRun(SuiteRunner.java:340)
	at org.testng.SuiteRunner.run(SuiteRunner.java:289)
	at org.testng.SuiteRunnerWorker.runSuite(SuiteRunnerWorker.java:52)
	at org.testng.SuiteRunnerWorker.run(SuiteRunnerWorker.java:86)
	at org.testng.TestNG.runSuitesSequentially(TestNG.java:1293)
	at org.testng.TestNG.runSuitesLocally(TestNG.java:1218)
	at org.testng.TestNG.runSuites(TestNG.java:1133)
	at org.testng.TestNG.run(TestNG.java:1104)
	at org.testng.remote.AbstractRemoteTestNG.run(AbstractRemoteTestNG.java:114)
	at org.testng.remote.RemoteTestNG.initAndRun(RemoteTestNG.java:251)
	at org.testng.remote.RemoteTestNG.main(RemoteTestNG.java:77)
]]>
    </failure>
  </testcase> <!-- statuscode -->
</testsuite> <!-- RestAssured.RestAssured.FirstRest -->
